build/app/intermediates/manifest_merge_blame_file/debug/manifest-merger-blame-debug-report.txt
1<?xml version="1.0" encoding="utf-8"?>
2<manifest xmlns:android="http://schemas.android.com/apk/res/android"
3    package="com.example.my_family"
4    android:versionCode="1"
5    android:versionName="1.0.0" >
6
7    <uses-sdk
8        android:minSdkVersion="16"
9        android:targetSdkVersion="28" />
10    <!--
11         Flutter needs it to communicate with the running application
12         to allow setting breakpoints, to provide hot reload, etc.
13    -->
14    <uses-permission android:name="android.permission.INTERNET" />
14-->src/debug/AndroidManifest.xml:6:5-66
14-->src/debug/AndroidManifest.xml:6:22-64
15    <!--
16     io.flutter.app.FlutterApplication is an android.app.Application that
17         calls FlutterMain.startInitialization(this); in its onCreate method.
18         In most cases you can leave this as-is, but you if you want to provide
19         additional functionality it is fine to subclass or reimplement
20         FlutterApplication and put your custom class here.
21    -->
22    <uses-permission android:name="android:permissions.ACCESS_FINE_LOCATION" />
22-->src/main/AndroidManifest.xml:9:5-79
22-->src/main/AndroidManifest.xml:9:22-77
23    <uses-permission android:name="android.permission.ACCESS_COARSE_LOCATION" />
23-->[:location] AndroidManifest.xml:7:5-81
23-->[:location] AndroidManifest.xml:7:22-78
24    <uses-permission android:name="android.permission.ACCESS_FINE_LOCATION" /> <!-- Include required permissions for Google Maps API to run. -->
24-->[:location] AndroidManifest.xml:8:5-79
24-->[:location] AndroidManifest.xml:8:22-76
25    <uses-permission android:name="android.permission.ACCESS_NETWORK_STATE" />
25-->[com.google.android.gms:play-services-maps:17.0.0] AndroidManifest.xml:23:5-79
25-->[com.google.android.gms:play-services-maps:17.0.0] AndroidManifest.xml:23:22-76
26
27    <uses-feature
27-->[com.google.android.gms:play-services-maps:17.0.0] AndroidManifest.xml:26:5-28:35
28        android:glEsVersion="0x00020000"
28-->[com.google.android.gms:play-services-maps:17.0.0] AndroidManifest.xml:27:9-41
29        android:required="true" />
29-->[com.google.android.gms:play-services-maps:17.0.0] AndroidManifest.xml:28:9-32
30
31    <uses-permission android:name="android.permission.WAKE_LOCK" />
31-->[com.google.android.gms:play-services-measurement:17.2.2] AndroidManifest.xml:25:5-68
31-->[com.google.android.gms:play-services-measurement:17.2.2] AndroidManifest.xml:25:22-65
32    <uses-permission android:name="com.google.android.finsky.permission.BIND_GET_INSTALL_REFERRER_SERVICE" /> <!-- Required by older versions of Google Play services to create IID tokens -->
32-->[com.google.android.gms:play-services-measurement:17.2.2] AndroidManifest.xml:26:5-110
32-->[com.google.android.gms:play-services-measurement:17.2.2] AndroidManifest.xml:26:22-107
33    <uses-permission android:name="com.google.android.c2dm.permission.RECEIVE" />
33-->[com.google.firebase:firebase-iid:20.0.2] AndroidManifest.xml:26:5-82
33-->[com.google.firebase:firebase-iid:20.0.2] AndroidManifest.xml:26:22-79
34
35    <application
35-->src/main/AndroidManifest.xml:11:5-35:19
36        android:name="io.flutter.app.FlutterApplication"
36-->src/main/AndroidManifest.xml:12:9-57
37        android:appComponentFactory="androidx.core.app.CoreComponentFactory"
37-->[androidx.core:core:1.1.0] AndroidManifest.xml:24:18-86
38        android:debuggable="true"
39        android:icon="@mipmap/ic_launcher"
39-->src/main/AndroidManifest.xml:14:9-43
40        android:label="my_family" >
40-->src/main/AndroidManifest.xml:13:9-34
41        <meta-data
41-->src/main/AndroidManifest.xml:15:9-17:70
42            android:name="com.google.android.geo.API_KEY"
42-->src/main/AndroidManifest.xml:16:13-58
43            android:value="AIzaSyBigR8HnQ8z9x0kOXVrBQcbC5xRmwvhrTs" />
43-->src/main/AndroidManifest.xml:17:13-68
44
45        <activity
45-->src/main/AndroidManifest.xml:18:9-29:20
46            android:name="com.example.my_family.MainActivity"
46-->src/main/AndroidManifest.xml:19:13-41
47            android:configChanges="orientation|keyboardHidden|keyboard|screenSize|smallestScreenSize|locale|layoutDirection|fontScale|screenLayout|density|uiMode"
47-->src/main/AndroidManifest.xml:22:13-163
48            android:hardwareAccelerated="true"
48-->src/main/AndroidManifest.xml:23:13-47
49            android:launchMode="singleTop"
49-->src/main/AndroidManifest.xml:20:13-43
50            android:theme="@style/LaunchTheme"
50-->src/main/AndroidManifest.xml:21:13-47
51            android:windowSoftInputMode="adjustResize" >
51-->src/main/AndroidManifest.xml:24:13-55
52            <intent-filter>
52-->src/main/AndroidManifest.xml:25:13-28:29
53                <action android:name="android.intent.action.MAIN" />
53-->src/main/AndroidManifest.xml:26:17-68
53-->src/main/AndroidManifest.xml:26:25-66
54
55                <category android:name="android.intent.category.LAUNCHER" />
55-->src/main/AndroidManifest.xml:27:17-76
55-->src/main/AndroidManifest.xml:27:27-74
56            </intent-filter>
57        </activity>
58        <!--
59             Don't delete the meta-data below.
60             This is used by the Flutter tool to generate GeneratedPluginRegistrant.java
61        -->
62        <meta-data
62-->src/main/AndroidManifest.xml:32:9-34:33
63            android:name="flutterEmbedding"
63-->src/main/AndroidManifest.xml:33:13-44
64            android:value="2" />
64-->src/main/AndroidManifest.xml:34:13-30
65
66        <service
66-->[:firebase_auth] AndroidManifest.xml:8:9-12:19
67            android:name="com.google.firebase.components.ComponentDiscoveryService"
67-->[:firebase_auth] AndroidManifest.xml:8:18-89
68            android:directBootAware="true"
68-->[com.google.firebase:firebase-common:19.3.0] AndroidManifest.xml:34:13-43
69            android:exported="false" >
69-->[com.google.android.gms:play-services-measurement-api:17.2.2] AndroidManifest.xml:29:13-37
70            <meta-data
70-->[:firebase_auth] AndroidManifest.xml:9:13-11:85
71                android:name="com.google.firebase.components:io.flutter.plugins.firebaseauth.FlutterFirebaseAppRegistrar"
71-->[:firebase_auth] AndroidManifest.xml:10:17-122
72                android:value="com.google.firebase.components.ComponentRegistrar" />
72-->[:firebase_auth] AndroidManifest.xml:11:17-82
73            <meta-data
73-->[:cloud_firestore] AndroidManifest.xml:9:13-11:85
74                android:name="com.google.firebase.components:io.flutter.plugins.firebase.cloudfirestore.FlutterFirebaseAppRegistrar"
74-->[:cloud_firestore] AndroidManifest.xml:10:17-133
75                android:value="com.google.firebase.components.ComponentRegistrar" />
75-->[:cloud_firestore] AndroidManifest.xml:11:17-82
76            <meta-data
76-->[:firebase_core] AndroidManifest.xml:9:13-11:85
77                android:name="com.google.firebase.components:io.flutter.plugins.firebase.core.FlutterFirebaseAppRegistrar"
77-->[:firebase_core] AndroidManifest.xml:10:17-123
78                android:value="com.google.firebase.components.ComponentRegistrar" />
78-->[:firebase_core] AndroidManifest.xml:11:17-82
79            <meta-data
79-->[com.google.android.gms:play-services-measurement-api:17.2.2] AndroidManifest.xml:30:13-32:85
80                android:name="com.google.firebase.components:com.google.firebase.analytics.connector.internal.AnalyticsConnectorRegistrar"
80-->[com.google.android.gms:play-services-measurement-api:17.2.2] AndroidManifest.xml:31:17-139
81                android:value="com.google.firebase.components.ComponentRegistrar" />
81-->[com.google.android.gms:play-services-measurement-api:17.2.2] AndroidManifest.xml:32:17-82
82            <meta-data
82-->[com.google.firebase:firebase-auth:17.0.0] AndroidManifest.xml:36:13-38:85
83                android:name="com.google.firebase.components:com.google.firebase.auth.FirebaseAuthRegistrar"
83-->[com.google.firebase:firebase-auth:17.0.0] AndroidManifest.xml:37:17-109
84                android:value="com.google.firebase.components.ComponentRegistrar" />
84-->[com.google.firebase:firebase-auth:17.0.0] AndroidManifest.xml:38:17-82
85            <meta-data
85-->[com.google.firebase:firebase-firestore:21.3.0] AndroidManifest.xml:20:13-22:85
86                android:name="com.google.firebase.components:com.google.firebase.firestore.FirestoreRegistrar"
86-->[com.google.firebase:firebase-firestore:21.3.0] AndroidManifest.xml:21:17-111
87                android:value="com.google.firebase.components.ComponentRegistrar" />
87-->[com.google.firebase:firebase-firestore:21.3.0] AndroidManifest.xml:22:17-82
88            <meta-data
88-->[com.google.firebase:firebase-iid:20.0.2] AndroidManifest.xml:32:13-34:85
89                android:name="com.google.firebase.components:com.google.firebase.iid.Registrar"
89-->[com.google.firebase:firebase-iid:20.0.2] AndroidManifest.xml:33:17-96
90                android:value="com.google.firebase.components.ComponentRegistrar" />
90-->[com.google.firebase:firebase-iid:20.0.2] AndroidManifest.xml:34:17-82
91        </service> <!-- Needs to be explicitly declared on P+ -->
92        <uses-library
92-->[com.google.android.gms:play-services-maps:17.0.0] AndroidManifest.xml:33:9-35:40
93            android:name="org.apache.http.legacy"
93-->[com.google.android.gms:play-services-maps:17.0.0] AndroidManifest.xml:34:13-50
94            android:required="false" />
94-->[com.google.android.gms:play-services-maps:17.0.0] AndroidManifest.xml:35:13-37
95
96        <receiver
96-->[com.google.android.gms:play-services-measurement:17.2.2] AndroidManifest.xml:29:9-33:20
97            android:name="com.google.android.gms.measurement.AppMeasurementReceiver"
97-->[com.google.android.gms:play-services-measurement:17.2.2] AndroidManifest.xml:30:13-85
98            android:enabled="true"
98-->[com.google.android.gms:play-services-measurement:17.2.2] AndroidManifest.xml:31:13-35
99            android:exported="false" >
99-->[com.google.android.gms:play-services-measurement:17.2.2] AndroidManifest.xml:32:13-37
100        </receiver>
101        <receiver
101-->[com.google.android.gms:play-services-measurement:17.2.2] AndroidManifest.xml:34:9-42:20
102            android:name="com.google.android.gms.measurement.AppMeasurementInstallReferrerReceiver"
102-->[com.google.android.gms:play-services-measurement:17.2.2] AndroidManifest.xml:35:13-100
103            android:enabled="true"
103-->[com.google.android.gms:play-services-measurement:17.2.2] AndroidManifest.xml:36:13-35
104            android:exported="true"
104-->[com.google.android.gms:play-services-measurement:17.2.2] AndroidManifest.xml:37:13-36
105            android:permission="android.permission.INSTALL_PACKAGES" >
105-->[com.google.android.gms:play-services-measurement:17.2.2] AndroidManifest.xml:38:13-69
106            <intent-filter>
106-->[com.google.android.gms:play-services-measurement:17.2.2] AndroidManifest.xml:39:13-41:29
107                <action android:name="com.android.vending.INSTALL_REFERRER" />
107-->[com.google.android.gms:play-services-measurement:17.2.2] AndroidManifest.xml:40:17-79
107-->[com.google.android.gms:play-services-measurement:17.2.2] AndroidManifest.xml:40:25-76
108            </intent-filter>
109        </receiver>
110
111        <service
111-->[com.google.android.gms:play-services-measurement:17.2.2] AndroidManifest.xml:44:9-47:40
112            android:name="com.google.android.gms.measurement.AppMeasurementService"
112-->[com.google.android.gms:play-services-measurement:17.2.2] AndroidManifest.xml:45:13-84
113            android:enabled="true"
113-->[com.google.android.gms:play-services-measurement:17.2.2] AndroidManifest.xml:46:13-35
114            android:exported="false" />
114-->[com.google.android.gms:play-services-measurement:17.2.2] AndroidManifest.xml:47:13-37
115        <service
115-->[com.google.android.gms:play-services-measurement:17.2.2] AndroidManifest.xml:48:9-52:72
116            android:name="com.google.android.gms.measurement.AppMeasurementJobService"
116-->[com.google.android.gms:play-services-measurement:17.2.2] AndroidManifest.xml:49:13-87
117            android:enabled="true"
117-->[com.google.android.gms:play-services-measurement:17.2.2] AndroidManifest.xml:50:13-35
118            android:exported="false"
118-->[com.google.android.gms:play-services-measurement:17.2.2] AndroidManifest.xml:51:13-37
119            android:permission="android.permission.BIND_JOB_SERVICE" />
119-->[com.google.android.gms:play-services-measurement:17.2.2] AndroidManifest.xml:52:13-69
120
121        <activity
121-->[com.google.firebase:firebase-auth:17.0.0] AndroidManifest.xml:24:9-31:50
122            android:name="com.google.firebase.auth.internal.FederatedSignInActivity"
122-->[com.google.firebase:firebase-auth:17.0.0] AndroidManifest.xml:25:13-85
123            android:excludeFromRecents="true"
123-->[com.google.firebase:firebase-auth:17.0.0] AndroidManifest.xml:26:13-46
124            android:exported="true"
124-->[com.google.firebase:firebase-auth:17.0.0] AndroidManifest.xml:27:13-36
125            android:launchMode="singleTask"
125-->[com.google.firebase:firebase-auth:17.0.0] AndroidManifest.xml:28:13-44
126            android:permission="com.google.firebase.auth.api.gms.permission.LAUNCH_FEDERATED_SIGN_IN"
126-->[com.google.firebase:firebase-auth:17.0.0] AndroidManifest.xml:29:13-102
127            android:theme="@android:style/Theme.Translucent.NoTitleBar" />
127-->[com.google.firebase:firebase-auth:17.0.0] AndroidManifest.xml:30:13-72
128
129        <receiver
129-->[com.google.firebase:firebase-iid:20.0.2] AndroidManifest.xml:37:9-44:20
130            android:name="com.google.firebase.iid.FirebaseInstanceIdReceiver"
130-->[com.google.firebase:firebase-iid:20.0.2] AndroidManifest.xml:38:13-78
131            android:exported="true"
131-->[com.google.firebase:firebase-iid:20.0.2] AndroidManifest.xml:39:13-36
132            android:permission="com.google.android.c2dm.permission.SEND" >
132-->[com.google.firebase:firebase-iid:20.0.2] AndroidManifest.xml:40:13-73
133            <intent-filter>
133-->[com.google.firebase:firebase-iid:20.0.2] AndroidManifest.xml:41:13-43:29
134                <action android:name="com.google.android.c2dm.intent.RECEIVE" />
134-->[com.google.firebase:firebase-iid:20.0.2] AndroidManifest.xml:42:17-81
134-->[com.google.firebase:firebase-iid:20.0.2] AndroidManifest.xml:42:25-78
135            </intent-filter>
136        </receiver>
137
138        <provider
138-->[com.google.firebase:firebase-common:19.3.0] AndroidManifest.xml:26:9-30:39
139            android:name="com.google.firebase.provider.FirebaseInitProvider"
139-->[com.google.firebase:firebase-common:19.3.0] AndroidManifest.xml:27:13-77
140            android:authorities="com.example.my_family.firebaseinitprovider"
140-->[com.google.firebase:firebase-common:19.3.0] AndroidManifest.xml:28:13-72
141            android:exported="false"
141-->[com.google.firebase:firebase-common:19.3.0] AndroidManifest.xml:29:13-37
142            android:initOrder="100" />
142-->[com.google.firebase:firebase-common:19.3.0] AndroidManifest.xml:30:13-36
143
144        <activity
144-->[com.google.android.gms:play-services-base:17.0.0] AndroidManifest.xml:23:9-26:75
145            android:name="com.google.android.gms.common.api.GoogleApiActivity"
145-->[com.google.android.gms:play-services-base:17.0.0] AndroidManifest.xml:24:13-79
146            android:exported="false"
146-->[com.google.android.gms:play-services-base:17.0.0] AndroidManifest.xml:25:13-37
147            android:theme="@android:style/Theme.Translucent.NoTitleBar" />
147-->[com.google.android.gms:play-services-base:17.0.0] AndroidManifest.xml:26:13-72
148
149        <meta-data
149-->[com.google.android.gms:play-services-basement:17.0.0] AndroidManifest.xml:23:9-25:69
150            android:name="com.google.android.gms.version"
150-->[com.google.android.gms:play-services-basement:17.0.0] AndroidManifest.xml:24:13-58
151            android:value="@integer/google_play_services_version" />
151-->[com.google.android.gms:play-services-basement:17.0.0] AndroidManifest.xml:25:13-66
152    </application>
153
154</manifest>